<?xml version="1.0" encoding="UTF-8"?>
<robot generator="Robot 6.1.1 (Python 3.11.5 on darwin)" generated="20231113 22:32:22.429" rpa="false" schemaversion="4">
<suite id="s1" name="Tests" source="/Users/niilolehtonen/ohtu/palautusrepositorio/viikko3/web-login/src/tests">
<suite id="s1-s1" name="Home" source="/Users/niilolehtonen/ohtu/palautusrepositorio/viikko3/web-login/src/tests/home.robot">
<kw name="Open And Configure Browser" library="resource" type="SETUP">
<kw name="Evaluate" library="BuiltIn">
<var>${options}</var>
<arg>sys.modules['selenium.webdriver'].ChromeOptions()</arg>
<arg>sys</arg>
<doc>Evaluates the given expression in Python and returns the result.</doc>
<msg timestamp="20231113 22:32:22.502" level="INFO">${options} = &lt;selenium.webdriver.chrome.options.Options object at 0x102e42710&gt;</msg>
<status status="PASS" starttime="20231113 22:32:22.502" endtime="20231113 22:32:22.502"/>
</kw>
<kw name="Call Method" library="BuiltIn">
<arg>${options}</arg>
<arg>add_argument</arg>
<arg>--headless</arg>
<doc>Calls the named method of the given object with the provided arguments.</doc>
<status status="PASS" starttime="20231113 22:32:22.502" endtime="20231113 22:32:22.502"/>
</kw>
<kw name="Open Browser" library="SeleniumLibrary">
<arg>browser=chrome</arg>
<arg>options=${options}</arg>
<doc>Opens a new browser instance to the optional ``url``.</doc>
<msg timestamp="20231113 22:32:22.502" level="INFO">Opening browser 'chrome' to base url 'None'.</msg>
<status status="PASS" starttime="20231113 22:32:22.502" endtime="20231113 22:32:23.314"/>
</kw>
<kw name="Set Selenium Speed" library="SeleniumLibrary">
<arg>${DELAY}</arg>
<doc>Sets the delay that is waited after each Selenium command.</doc>
<status status="PASS" starttime="20231113 22:32:23.314" endtime="20231113 22:32:23.315"/>
</kw>
<status status="PASS" starttime="20231113 22:32:22.501" endtime="20231113 22:32:23.315"/>
</kw>
<test id="s1-s1-t1" name="Click Login Link" line="8">
<kw name="Go To Main Page" library="resource" type="SETUP">
<kw name="Go To" library="SeleniumLibrary">
<arg>${HOME_URL}</arg>
<doc>Navigates the current browser window to the provided ``url``.</doc>
<msg timestamp="20231113 22:32:23.315" level="INFO">Opening url 'http://localhost:5001'</msg>
<status status="PASS" starttime="20231113 22:32:23.315" endtime="20231113 22:32:23.364"/>
</kw>
<status status="PASS" starttime="20231113 22:32:23.315" endtime="20231113 22:32:23.364"/>
</kw>
<kw name="Click Link" library="SeleniumLibrary">
<arg>Login</arg>
<doc>Clicks a link identified by ``locator``.</doc>
<msg timestamp="20231113 22:32:23.365" level="INFO">Clicking link 'Login'.</msg>
<status status="PASS" starttime="20231113 22:32:23.364" endtime="20231113 22:32:23.404"/>
</kw>
<kw name="Login Page Should Be Open" library="resource">
<kw name="Title Should Be" library="SeleniumLibrary">
<arg>Login</arg>
<doc>Verifies that the current page title equals ``title``.</doc>
<msg timestamp="20231113 22:32:23.406" level="INFO">Page title is 'Login'.</msg>
<status status="PASS" starttime="20231113 22:32:23.404" endtime="20231113 22:32:23.406"/>
</kw>
<status status="PASS" starttime="20231113 22:32:23.404" endtime="20231113 22:32:23.406"/>
</kw>
<status status="PASS" starttime="20231113 22:32:23.315" endtime="20231113 22:32:23.406"/>
</test>
<test id="s1-s1-t2" name="Click Register Link" line="12">
<kw name="Go To Main Page" library="resource" type="SETUP">
<kw name="Go To" library="SeleniumLibrary">
<arg>${HOME_URL}</arg>
<doc>Navigates the current browser window to the provided ``url``.</doc>
<msg timestamp="20231113 22:32:23.407" level="INFO">Opening url 'http://localhost:5001'</msg>
<status status="PASS" starttime="20231113 22:32:23.407" endtime="20231113 22:32:23.411"/>
</kw>
<status status="PASS" starttime="20231113 22:32:23.406" endtime="20231113 22:32:23.411"/>
</kw>
<kw name="Click Link" library="SeleniumLibrary">
<arg>Register new user</arg>
<doc>Clicks a link identified by ``locator``.</doc>
<msg timestamp="20231113 22:32:23.412" level="INFO">Clicking link 'Register new user'.</msg>
<status status="PASS" starttime="20231113 22:32:23.412" endtime="20231113 22:32:23.436"/>
</kw>
<kw name="Register Page Should Be Open" library="resource">
<kw name="Title Should Be" library="SeleniumLibrary">
<arg>Register</arg>
<doc>Verifies that the current page title equals ``title``.</doc>
<msg timestamp="20231113 22:32:23.438" level="INFO">Page title is 'Register'.</msg>
<status status="PASS" starttime="20231113 22:32:23.436" endtime="20231113 22:32:23.438"/>
</kw>
<status status="PASS" starttime="20231113 22:32:23.436" endtime="20231113 22:32:23.438"/>
</kw>
<status status="PASS" starttime="20231113 22:32:23.406" endtime="20231113 22:32:23.438"/>
</test>
<kw name="Close Browser" library="SeleniumLibrary" type="TEARDOWN">
<doc>Closes the current browser.</doc>
<status status="PASS" starttime="20231113 22:32:23.438" endtime="20231113 22:32:23.501"/>
</kw>
<status status="PASS" starttime="20231113 22:32:22.436" endtime="20231113 22:32:23.501"/>
</suite>
<suite id="s1-s2" name="Login" source="/Users/niilolehtonen/ohtu/palautusrepositorio/viikko3/web-login/src/tests/login.robot">
<kw name="Open And Configure Browser" library="resource" type="SETUP">
<kw name="Evaluate" library="BuiltIn">
<var>${options}</var>
<arg>sys.modules['selenium.webdriver'].ChromeOptions()</arg>
<arg>sys</arg>
<doc>Evaluates the given expression in Python and returns the result.</doc>
<msg timestamp="20231113 22:32:23.503" level="INFO">${options} = &lt;selenium.webdriver.chrome.options.Options object at 0x102e6b990&gt;</msg>
<status status="PASS" starttime="20231113 22:32:23.503" endtime="20231113 22:32:23.503"/>
</kw>
<kw name="Call Method" library="BuiltIn">
<arg>${options}</arg>
<arg>add_argument</arg>
<arg>--headless</arg>
<doc>Calls the named method of the given object with the provided arguments.</doc>
<status status="PASS" starttime="20231113 22:32:23.503" endtime="20231113 22:32:23.503"/>
</kw>
<kw name="Open Browser" library="SeleniumLibrary">
<arg>browser=chrome</arg>
<arg>options=${options}</arg>
<doc>Opens a new browser instance to the optional ``url``.</doc>
<msg timestamp="20231113 22:32:23.504" level="INFO">Opening browser 'chrome' to base url 'None'.</msg>
<status status="PASS" starttime="20231113 22:32:23.503" endtime="20231113 22:32:24.269"/>
</kw>
<kw name="Set Selenium Speed" library="SeleniumLibrary">
<arg>${DELAY}</arg>
<doc>Sets the delay that is waited after each Selenium command.</doc>
<status status="PASS" starttime="20231113 22:32:24.269" endtime="20231113 22:32:24.269"/>
</kw>
<status status="PASS" starttime="20231113 22:32:23.503" endtime="20231113 22:32:24.269"/>
</kw>
<test id="s1-s2-t1" name="Login With Correct Credentials" line="8">
<kw name="Create User And Go To Login Page" type="SETUP">
<kw name="Create User" library="AppLibrary">
<arg>kalle</arg>
<arg>kalle123</arg>
<status status="PASS" starttime="20231113 22:32:24.270" endtime="20231113 22:32:24.275"/>
</kw>
<kw name="Go To Login Page" library="resource">
<kw name="Go To" library="SeleniumLibrary">
<arg>${LOGIN_URL}</arg>
<doc>Navigates the current browser window to the provided ``url``.</doc>
<msg timestamp="20231113 22:32:24.275" level="INFO">Opening url 'http://localhost:5001/login'</msg>
<status status="PASS" starttime="20231113 22:32:24.275" endtime="20231113 22:32:24.325"/>
</kw>
<status status="PASS" starttime="20231113 22:32:24.275" endtime="20231113 22:32:24.325"/>
</kw>
<kw name="Login Page Should Be Open" library="resource">
<kw name="Title Should Be" library="SeleniumLibrary">
<arg>Login</arg>
<doc>Verifies that the current page title equals ``title``.</doc>
<msg timestamp="20231113 22:32:24.328" level="INFO">Page title is 'Login'.</msg>
<status status="PASS" starttime="20231113 22:32:24.325" endtime="20231113 22:32:24.328"/>
</kw>
<status status="PASS" starttime="20231113 22:32:24.325" endtime="20231113 22:32:24.328"/>
</kw>
<status status="PASS" starttime="20231113 22:32:24.269" endtime="20231113 22:32:24.328"/>
</kw>
<kw name="Set Username">
<arg>kalle</arg>
<kw name="Input Text" library="SeleniumLibrary">
<arg>username</arg>
<arg>${username}</arg>
<doc>Types the given ``text`` into the text field identified by ``locator``.</doc>
<msg timestamp="20231113 22:32:24.328" level="INFO">Typing text 'kalle' into text field 'username'.</msg>
<status status="PASS" starttime="20231113 22:32:24.328" endtime="20231113 22:32:24.400"/>
</kw>
<status status="PASS" starttime="20231113 22:32:24.328" endtime="20231113 22:32:24.400"/>
</kw>
<kw name="Set Password">
<arg>kalle123</arg>
<kw name="Input Password" library="SeleniumLibrary">
<arg>password</arg>
<arg>${password}</arg>
<doc>Types the given password into the text field identified by ``locator``.</doc>
<msg timestamp="20231113 22:32:24.400" level="INFO">Typing password into text field 'password'.</msg>
<msg timestamp="20231113 22:32:24.415" level="INFO">Temporally setting log level to: NONE</msg>
<msg timestamp="20231113 22:32:24.431" level="INFO">Log level changed from NONE to INFO.</msg>
<status status="PASS" starttime="20231113 22:32:24.400" endtime="20231113 22:32:24.431"/>
</kw>
<status status="PASS" starttime="20231113 22:32:24.400" endtime="20231113 22:32:24.432"/>
</kw>
<kw name="Submit Credentials">
<kw name="Click Button" library="SeleniumLibrary">
<arg>Login</arg>
<doc>Clicks the button identified by ``locator``.</doc>
<msg timestamp="20231113 22:32:24.432" level="INFO">Clicking button 'Login'.</msg>
<status status="PASS" starttime="20231113 22:32:24.432" endtime="20231113 22:32:24.462"/>
</kw>
<status status="PASS" starttime="20231113 22:32:24.432" endtime="20231113 22:32:24.462"/>
</kw>
<kw name="Login Should Succeed">
<kw name="Main Page Should Be Open" library="resource">
<kw name="Title Should Be" library="SeleniumLibrary">
<arg>Ohtu Application main page</arg>
<doc>Verifies that the current page title equals ``title``.</doc>
<msg timestamp="20231113 22:32:24.464" level="INFO">Page title is 'Ohtu Application main page'.</msg>
<status status="PASS" starttime="20231113 22:32:24.462" endtime="20231113 22:32:24.464"/>
</kw>
<status status="PASS" starttime="20231113 22:32:24.462" endtime="20231113 22:32:24.464"/>
</kw>
<status status="PASS" starttime="20231113 22:32:24.462" endtime="20231113 22:32:24.464"/>
</kw>
<status status="PASS" starttime="20231113 22:32:24.269" endtime="20231113 22:32:24.464"/>
</test>
<test id="s1-s2-t2" name="Login With Incorrect Password" line="14">
<kw name="Create User And Go To Login Page" type="SETUP">
<kw name="Create User" library="AppLibrary">
<arg>kalle</arg>
<arg>kalle123</arg>
<status status="PASS" starttime="20231113 22:32:24.464" endtime="20231113 22:32:24.469"/>
</kw>
<kw name="Go To Login Page" library="resource">
<kw name="Go To" library="SeleniumLibrary">
<arg>${LOGIN_URL}</arg>
<doc>Navigates the current browser window to the provided ``url``.</doc>
<msg timestamp="20231113 22:32:24.469" level="INFO">Opening url 'http://localhost:5001/login'</msg>
<status status="PASS" starttime="20231113 22:32:24.469" endtime="20231113 22:32:24.474"/>
</kw>
<status status="PASS" starttime="20231113 22:32:24.469" endtime="20231113 22:32:24.474"/>
</kw>
<kw name="Login Page Should Be Open" library="resource">
<kw name="Title Should Be" library="SeleniumLibrary">
<arg>Login</arg>
<doc>Verifies that the current page title equals ``title``.</doc>
<msg timestamp="20231113 22:32:24.476" level="INFO">Page title is 'Login'.</msg>
<status status="PASS" starttime="20231113 22:32:24.474" endtime="20231113 22:32:24.476"/>
</kw>
<status status="PASS" starttime="20231113 22:32:24.474" endtime="20231113 22:32:24.476"/>
</kw>
<status status="PASS" starttime="20231113 22:32:24.464" endtime="20231113 22:32:24.476"/>
</kw>
<kw name="Set Username">
<arg>kalle</arg>
<kw name="Input Text" library="SeleniumLibrary">
<arg>username</arg>
<arg>${username}</arg>
<doc>Types the given ``text`` into the text field identified by ``locator``.</doc>
<msg timestamp="20231113 22:32:24.476" level="INFO">Typing text 'kalle' into text field 'username'.</msg>
<status status="PASS" starttime="20231113 22:32:24.476" endtime="20231113 22:32:24.505"/>
</kw>
<status status="PASS" starttime="20231113 22:32:24.476" endtime="20231113 22:32:24.505"/>
</kw>
<kw name="Set Password">
<arg>kalle456</arg>
<kw name="Input Password" library="SeleniumLibrary">
<arg>password</arg>
<arg>${password}</arg>
<doc>Types the given password into the text field identified by ``locator``.</doc>
<msg timestamp="20231113 22:32:24.506" level="INFO">Typing password into text field 'password'.</msg>
<msg timestamp="20231113 22:32:24.518" level="INFO">Temporally setting log level to: NONE</msg>
<msg timestamp="20231113 22:32:24.534" level="INFO">Log level changed from NONE to INFO.</msg>
<status status="PASS" starttime="20231113 22:32:24.506" endtime="20231113 22:32:24.534"/>
</kw>
<status status="PASS" starttime="20231113 22:32:24.505" endtime="20231113 22:32:24.534"/>
</kw>
<kw name="Submit Credentials">
<kw name="Click Button" library="SeleniumLibrary">
<arg>Login</arg>
<doc>Clicks the button identified by ``locator``.</doc>
<msg timestamp="20231113 22:32:24.535" level="INFO">Clicking button 'Login'.</msg>
<status status="PASS" starttime="20231113 22:32:24.534" endtime="20231113 22:32:24.559"/>
</kw>
<status status="PASS" starttime="20231113 22:32:24.534" endtime="20231113 22:32:24.559"/>
</kw>
<kw name="Login Should Fail With Message">
<arg>Invalid username or password</arg>
<kw name="Login Page Should Be Open" library="resource">
<kw name="Title Should Be" library="SeleniumLibrary">
<arg>Login</arg>
<doc>Verifies that the current page title equals ``title``.</doc>
<msg timestamp="20231113 22:32:24.561" level="INFO">Page title is 'Login'.</msg>
<status status="PASS" starttime="20231113 22:32:24.560" endtime="20231113 22:32:24.561"/>
</kw>
<status status="PASS" starttime="20231113 22:32:24.560" endtime="20231113 22:32:24.561"/>
</kw>
<kw name="Page Should Contain" library="SeleniumLibrary">
<arg>${message}</arg>
<doc>Verifies that current page contains ``text``.</doc>
<msg timestamp="20231113 22:32:24.567" level="INFO">Current page contains text 'Invalid username or password'.</msg>
<status status="PASS" starttime="20231113 22:32:24.561" endtime="20231113 22:32:24.567"/>
</kw>
<status status="PASS" starttime="20231113 22:32:24.560" endtime="20231113 22:32:24.567"/>
</kw>
<status status="PASS" starttime="20231113 22:32:24.464" endtime="20231113 22:32:24.567"/>
</test>
<test id="s1-s2-t3" name="Login With Nonexistent Username" line="20">
<kw name="Create User And Go To Login Page" type="SETUP">
<kw name="Create User" library="AppLibrary">
<arg>kalle</arg>
<arg>kalle123</arg>
<status status="PASS" starttime="20231113 22:32:24.567" endtime="20231113 22:32:24.572"/>
</kw>
<kw name="Go To Login Page" library="resource">
<kw name="Go To" library="SeleniumLibrary">
<arg>${LOGIN_URL}</arg>
<doc>Navigates the current browser window to the provided ``url``.</doc>
<msg timestamp="20231113 22:32:24.572" level="INFO">Opening url 'http://localhost:5001/login'</msg>
<status status="PASS" starttime="20231113 22:32:24.572" endtime="20231113 22:32:24.577"/>
</kw>
<status status="PASS" starttime="20231113 22:32:24.572" endtime="20231113 22:32:24.577"/>
</kw>
<kw name="Login Page Should Be Open" library="resource">
<kw name="Title Should Be" library="SeleniumLibrary">
<arg>Login</arg>
<doc>Verifies that the current page title equals ``title``.</doc>
<msg timestamp="20231113 22:32:24.579" level="INFO">Page title is 'Login'.</msg>
<status status="PASS" starttime="20231113 22:32:24.578" endtime="20231113 22:32:24.579"/>
</kw>
<status status="PASS" starttime="20231113 22:32:24.577" endtime="20231113 22:32:24.579"/>
</kw>
<status status="PASS" starttime="20231113 22:32:24.567" endtime="20231113 22:32:24.579"/>
</kw>
<kw name="Set Username">
<arg>kalle1</arg>
<kw name="Input Text" library="SeleniumLibrary">
<arg>username</arg>
<arg>${username}</arg>
<doc>Types the given ``text`` into the text field identified by ``locator``.</doc>
<msg timestamp="20231113 22:32:24.579" level="INFO">Typing text 'kalle1' into text field 'username'.</msg>
<status status="PASS" starttime="20231113 22:32:24.579" endtime="20231113 22:32:24.609"/>
</kw>
<status status="PASS" starttime="20231113 22:32:24.579" endtime="20231113 22:32:24.609"/>
</kw>
<kw name="Set Password">
<arg>kalle123</arg>
<kw name="Input Password" library="SeleniumLibrary">
<arg>password</arg>
<arg>${password}</arg>
<doc>Types the given password into the text field identified by ``locator``.</doc>
<msg timestamp="20231113 22:32:24.609" level="INFO">Typing password into text field 'password'.</msg>
<msg timestamp="20231113 22:32:24.621" level="INFO">Temporally setting log level to: NONE</msg>
<msg timestamp="20231113 22:32:24.637" level="INFO">Log level changed from NONE to INFO.</msg>
<status status="PASS" starttime="20231113 22:32:24.609" endtime="20231113 22:32:24.637"/>
</kw>
<status status="PASS" starttime="20231113 22:32:24.609" endtime="20231113 22:32:24.637"/>
</kw>
<kw name="Submit Credentials">
<kw name="Click Button" library="SeleniumLibrary">
<arg>Login</arg>
<doc>Clicks the button identified by ``locator``.</doc>
<msg timestamp="20231113 22:32:24.638" level="INFO">Clicking button 'Login'.</msg>
<status status="PASS" starttime="20231113 22:32:24.637" endtime="20231113 22:32:24.662"/>
</kw>
<status status="PASS" starttime="20231113 22:32:24.637" endtime="20231113 22:32:24.662"/>
</kw>
<kw name="Login Should Fail With Message">
<arg>Invalid username or password</arg>
<kw name="Login Page Should Be Open" library="resource">
<kw name="Title Should Be" library="SeleniumLibrary">
<arg>Login</arg>
<doc>Verifies that the current page title equals ``title``.</doc>
<msg timestamp="20231113 22:32:24.664" level="INFO">Page title is 'Login'.</msg>
<status status="PASS" starttime="20231113 22:32:24.662" endtime="20231113 22:32:24.664"/>
</kw>
<status status="PASS" starttime="20231113 22:32:24.662" endtime="20231113 22:32:24.664"/>
</kw>
<kw name="Page Should Contain" library="SeleniumLibrary">
<arg>${message}</arg>
<doc>Verifies that current page contains ``text``.</doc>
<msg timestamp="20231113 22:32:24.668" level="INFO">Current page contains text 'Invalid username or password'.</msg>
<status status="PASS" starttime="20231113 22:32:24.664" endtime="20231113 22:32:24.668"/>
</kw>
<status status="PASS" starttime="20231113 22:32:24.662" endtime="20231113 22:32:24.668"/>
</kw>
<status status="PASS" starttime="20231113 22:32:24.567" endtime="20231113 22:32:24.668"/>
</test>
<kw name="Close Browser" library="SeleniumLibrary" type="TEARDOWN">
<doc>Closes the current browser.</doc>
<status status="PASS" starttime="20231113 22:32:24.668" endtime="20231113 22:32:24.731"/>
</kw>
<status status="PASS" starttime="20231113 22:32:23.501" endtime="20231113 22:32:24.731"/>
</suite>
<suite id="s1-s3" name="Register" source="/Users/niilolehtonen/ohtu/palautusrepositorio/viikko3/web-login/src/tests/register.robot">
<kw name="Open And Configure Browser" library="resource" type="SETUP">
<kw name="Evaluate" library="BuiltIn">
<var>${options}</var>
<arg>sys.modules['selenium.webdriver'].ChromeOptions()</arg>
<arg>sys</arg>
<doc>Evaluates the given expression in Python and returns the result.</doc>
<msg timestamp="20231113 22:32:24.733" level="INFO">${options} = &lt;selenium.webdriver.chrome.options.Options object at 0x102e68e50&gt;</msg>
<status status="PASS" starttime="20231113 22:32:24.733" endtime="20231113 22:32:24.733"/>
</kw>
<kw name="Call Method" library="BuiltIn">
<arg>${options}</arg>
<arg>add_argument</arg>
<arg>--headless</arg>
<doc>Calls the named method of the given object with the provided arguments.</doc>
<status status="PASS" starttime="20231113 22:32:24.733" endtime="20231113 22:32:24.733"/>
</kw>
<kw name="Open Browser" library="SeleniumLibrary">
<arg>browser=chrome</arg>
<arg>options=${options}</arg>
<doc>Opens a new browser instance to the optional ``url``.</doc>
<msg timestamp="20231113 22:32:24.733" level="INFO">Opening browser 'chrome' to base url 'None'.</msg>
<status status="PASS" starttime="20231113 22:32:24.733" endtime="20231113 22:32:25.489"/>
</kw>
<kw name="Set Selenium Speed" library="SeleniumLibrary">
<arg>${DELAY}</arg>
<doc>Sets the delay that is waited after each Selenium command.</doc>
<status status="PASS" starttime="20231113 22:32:25.490" endtime="20231113 22:32:25.490"/>
</kw>
<status status="PASS" starttime="20231113 22:32:24.733" endtime="20231113 22:32:25.490"/>
</kw>
<test id="s1-s3-t1" name="Register With Valid Username And Password" line="8">
<kw name="Go To Register Page And Create User" type="SETUP">
<kw name="Create User" library="AppLibrary">
<arg>mikko</arg>
<arg>mikko123</arg>
<status status="PASS" starttime="20231113 22:32:25.490" endtime="20231113 22:32:25.497"/>
</kw>
<kw name="Go To Register Page" library="resource">
<kw name="Go To" library="SeleniumLibrary">
<arg>${REGISTER_URL}</arg>
<doc>Navigates the current browser window to the provided ``url``.</doc>
<msg timestamp="20231113 22:32:25.497" level="INFO">Opening url 'http://localhost:5001/register'</msg>
<status status="PASS" starttime="20231113 22:32:25.497" endtime="20231113 22:32:25.548"/>
</kw>
<status status="PASS" starttime="20231113 22:32:25.497" endtime="20231113 22:32:25.548"/>
</kw>
<kw name="Register Page Should Be Open" library="resource">
<kw name="Title Should Be" library="SeleniumLibrary">
<arg>Register</arg>
<doc>Verifies that the current page title equals ``title``.</doc>
<msg timestamp="20231113 22:32:25.551" level="INFO">Page title is 'Register'.</msg>
<status status="PASS" starttime="20231113 22:32:25.548" endtime="20231113 22:32:25.551"/>
</kw>
<status status="PASS" starttime="20231113 22:32:25.548" endtime="20231113 22:32:25.551"/>
</kw>
<status status="PASS" starttime="20231113 22:32:25.490" endtime="20231113 22:32:25.551"/>
</kw>
<kw name="Set Username">
<arg>kalle</arg>
<kw name="Input Text" library="SeleniumLibrary">
<arg>username</arg>
<arg>${username}</arg>
<doc>Types the given ``text`` into the text field identified by ``locator``.</doc>
<msg timestamp="20231113 22:32:25.551" level="INFO">Typing text 'kalle' into text field 'username'.</msg>
<status status="PASS" starttime="20231113 22:32:25.551" endtime="20231113 22:32:25.625"/>
</kw>
<status status="PASS" starttime="20231113 22:32:25.551" endtime="20231113 22:32:25.625"/>
</kw>
<kw name="Set Password">
<arg>kalle123</arg>
<kw name="Input Password" library="SeleniumLibrary">
<arg>password</arg>
<arg>${password}</arg>
<doc>Types the given password into the text field identified by ``locator``.</doc>
<msg timestamp="20231113 22:32:25.626" level="INFO">Typing password into text field 'password'.</msg>
<msg timestamp="20231113 22:32:25.640" level="INFO">Temporally setting log level to: NONE</msg>
<msg timestamp="20231113 22:32:25.657" level="INFO">Log level changed from NONE to INFO.</msg>
<status status="PASS" starttime="20231113 22:32:25.625" endtime="20231113 22:32:25.657"/>
</kw>
<status status="PASS" starttime="20231113 22:32:25.625" endtime="20231113 22:32:25.657"/>
</kw>
<kw name="Set Password Confirmation">
<arg>kalle123</arg>
<kw name="Input Password" library="SeleniumLibrary">
<arg>password_confirmation</arg>
<arg>${password_confirmation}</arg>
<doc>Types the given password into the text field identified by ``locator``.</doc>
<msg timestamp="20231113 22:32:25.657" level="INFO">Typing password into text field 'password_confirmation'.</msg>
<msg timestamp="20231113 22:32:25.671" level="INFO">Temporally setting log level to: NONE</msg>
<msg timestamp="20231113 22:32:25.687" level="INFO">Log level changed from NONE to INFO.</msg>
<status status="PASS" starttime="20231113 22:32:25.657" endtime="20231113 22:32:25.687"/>
</kw>
<status status="PASS" starttime="20231113 22:32:25.657" endtime="20231113 22:32:25.687"/>
</kw>
<kw name="Submit Credentials">
<kw name="Click Button" library="SeleniumLibrary">
<arg>Register</arg>
<doc>Clicks the button identified by ``locator``.</doc>
<msg timestamp="20231113 22:32:25.687" level="INFO">Clicking button 'Register'.</msg>
<status status="PASS" starttime="20231113 22:32:25.687" endtime="20231113 22:32:25.717"/>
</kw>
<status status="PASS" starttime="20231113 22:32:25.687" endtime="20231113 22:32:25.717"/>
</kw>
<kw name="Register Should Succeed">
<kw name="Welcome Page Should Be Open" library="resource">
<kw name="Title Should Be" library="SeleniumLibrary">
<arg>Welcome to Ohtu Application!</arg>
<doc>Verifies that the current page title equals ``title``.</doc>
<msg timestamp="20231113 22:32:25.719" level="INFO">Page title is 'Welcome to Ohtu Application!'.</msg>
<status status="PASS" starttime="20231113 22:32:25.717" endtime="20231113 22:32:25.719"/>
</kw>
<status status="PASS" starttime="20231113 22:32:25.717" endtime="20231113 22:32:25.719"/>
</kw>
<status status="PASS" starttime="20231113 22:32:25.717" endtime="20231113 22:32:25.719"/>
</kw>
<status status="PASS" starttime="20231113 22:32:25.490" endtime="20231113 22:32:25.719"/>
</test>
<test id="s1-s3-t2" name="Register With Too Short Username And Valid Password" line="15">
<kw name="Go To Register Page And Create User" type="SETUP">
<kw name="Create User" library="AppLibrary">
<arg>mikko</arg>
<arg>mikko123</arg>
<status status="PASS" starttime="20231113 22:32:25.719" endtime="20231113 22:32:25.724"/>
</kw>
<kw name="Go To Register Page" library="resource">
<kw name="Go To" library="SeleniumLibrary">
<arg>${REGISTER_URL}</arg>
<doc>Navigates the current browser window to the provided ``url``.</doc>
<msg timestamp="20231113 22:32:25.724" level="INFO">Opening url 'http://localhost:5001/register'</msg>
<status status="PASS" starttime="20231113 22:32:25.724" endtime="20231113 22:32:25.730"/>
</kw>
<status status="PASS" starttime="20231113 22:32:25.724" endtime="20231113 22:32:25.730"/>
</kw>
<kw name="Register Page Should Be Open" library="resource">
<kw name="Title Should Be" library="SeleniumLibrary">
<arg>Register</arg>
<doc>Verifies that the current page title equals ``title``.</doc>
<msg timestamp="20231113 22:32:25.732" level="INFO">Page title is 'Register'.</msg>
<status status="PASS" starttime="20231113 22:32:25.730" endtime="20231113 22:32:25.732"/>
</kw>
<status status="PASS" starttime="20231113 22:32:25.730" endtime="20231113 22:32:25.732"/>
</kw>
<status status="PASS" starttime="20231113 22:32:25.719" endtime="20231113 22:32:25.732"/>
</kw>
<kw name="Set Username">
<arg>k</arg>
<kw name="Input Text" library="SeleniumLibrary">
<arg>username</arg>
<arg>${username}</arg>
<doc>Types the given ``text`` into the text field identified by ``locator``.</doc>
<msg timestamp="20231113 22:32:25.732" level="INFO">Typing text 'k' into text field 'username'.</msg>
<status status="PASS" starttime="20231113 22:32:25.732" endtime="20231113 22:32:25.759"/>
</kw>
<status status="PASS" starttime="20231113 22:32:25.732" endtime="20231113 22:32:25.759"/>
</kw>
<kw name="Set Password">
<arg>kalle123</arg>
<kw name="Input Password" library="SeleniumLibrary">
<arg>password</arg>
<arg>${password}</arg>
<doc>Types the given password into the text field identified by ``locator``.</doc>
<msg timestamp="20231113 22:32:25.759" level="INFO">Typing password into text field 'password'.</msg>
<msg timestamp="20231113 22:32:25.772" level="INFO">Temporally setting log level to: NONE</msg>
<msg timestamp="20231113 22:32:25.788" level="INFO">Log level changed from NONE to INFO.</msg>
<status status="PASS" starttime="20231113 22:32:25.759" endtime="20231113 22:32:25.788"/>
</kw>
<status status="PASS" starttime="20231113 22:32:25.759" endtime="20231113 22:32:25.788"/>
</kw>
<kw name="Set Password Confirmation">
<arg>kalle123</arg>
<kw name="Input Password" library="SeleniumLibrary">
<arg>password_confirmation</arg>
<arg>${password_confirmation}</arg>
<doc>Types the given password into the text field identified by ``locator``.</doc>
<msg timestamp="20231113 22:32:25.788" level="INFO">Typing password into text field 'password_confirmation'.</msg>
<msg timestamp="20231113 22:32:25.801" level="INFO">Temporally setting log level to: NONE</msg>
<msg timestamp="20231113 22:32:25.817" level="INFO">Log level changed from NONE to INFO.</msg>
<status status="PASS" starttime="20231113 22:32:25.788" endtime="20231113 22:32:25.817"/>
</kw>
<status status="PASS" starttime="20231113 22:32:25.788" endtime="20231113 22:32:25.817"/>
</kw>
<kw name="Submit Credentials">
<kw name="Click Button" library="SeleniumLibrary">
<arg>Register</arg>
<doc>Clicks the button identified by ``locator``.</doc>
<msg timestamp="20231113 22:32:25.817" level="INFO">Clicking button 'Register'.</msg>
<status status="PASS" starttime="20231113 22:32:25.817" endtime="20231113 22:32:25.841"/>
</kw>
<status status="PASS" starttime="20231113 22:32:25.817" endtime="20231113 22:32:25.841"/>
</kw>
<kw name="Register Should Fail">
<arg>Username too short</arg>
<kw name="Register Page Should Be Open" library="resource">
<kw name="Title Should Be" library="SeleniumLibrary">
<arg>Register</arg>
<doc>Verifies that the current page title equals ``title``.</doc>
<msg timestamp="20231113 22:32:25.843" level="INFO">Page title is 'Register'.</msg>
<status status="PASS" starttime="20231113 22:32:25.842" endtime="20231113 22:32:25.843"/>
</kw>
<status status="PASS" starttime="20231113 22:32:25.841" endtime="20231113 22:32:25.843"/>
</kw>
<kw name="Page Should Contain" library="SeleniumLibrary">
<arg>${message}</arg>
<doc>Verifies that current page contains ``text``.</doc>
<msg timestamp="20231113 22:32:25.848" level="INFO">Current page contains text 'Username too short'.</msg>
<status status="PASS" starttime="20231113 22:32:25.843" endtime="20231113 22:32:25.848"/>
</kw>
<status status="PASS" starttime="20231113 22:32:25.841" endtime="20231113 22:32:25.849"/>
</kw>
<status status="PASS" starttime="20231113 22:32:25.719" endtime="20231113 22:32:25.849"/>
</test>
<test id="s1-s3-t3" name="Register With Valid Username And Invalid Password" line="22">
<kw name="Go To Register Page And Create User" type="SETUP">
<kw name="Create User" library="AppLibrary">
<arg>mikko</arg>
<arg>mikko123</arg>
<status status="PASS" starttime="20231113 22:32:25.849" endtime="20231113 22:32:25.853"/>
</kw>
<kw name="Go To Register Page" library="resource">
<kw name="Go To" library="SeleniumLibrary">
<arg>${REGISTER_URL}</arg>
<doc>Navigates the current browser window to the provided ``url``.</doc>
<msg timestamp="20231113 22:32:25.854" level="INFO">Opening url 'http://localhost:5001/register'</msg>
<status status="PASS" starttime="20231113 22:32:25.854" endtime="20231113 22:32:25.859"/>
</kw>
<status status="PASS" starttime="20231113 22:32:25.853" endtime="20231113 22:32:25.859"/>
</kw>
<kw name="Register Page Should Be Open" library="resource">
<kw name="Title Should Be" library="SeleniumLibrary">
<arg>Register</arg>
<doc>Verifies that the current page title equals ``title``.</doc>
<msg timestamp="20231113 22:32:25.860" level="INFO">Page title is 'Register'.</msg>
<status status="PASS" starttime="20231113 22:32:25.859" endtime="20231113 22:32:25.861"/>
</kw>
<status status="PASS" starttime="20231113 22:32:25.859" endtime="20231113 22:32:25.861"/>
</kw>
<status status="PASS" starttime="20231113 22:32:25.849" endtime="20231113 22:32:25.861"/>
</kw>
<kw name="Set Username">
<arg>kalle</arg>
<kw name="Input Text" library="SeleniumLibrary">
<arg>username</arg>
<arg>${username}</arg>
<doc>Types the given ``text`` into the text field identified by ``locator``.</doc>
<msg timestamp="20231113 22:32:25.861" level="INFO">Typing text 'kalle' into text field 'username'.</msg>
<status status="PASS" starttime="20231113 22:32:25.861" endtime="20231113 22:32:25.890"/>
</kw>
<status status="PASS" starttime="20231113 22:32:25.861" endtime="20231113 22:32:25.890"/>
</kw>
<kw name="Set Password">
<arg>kallekalle</arg>
<kw name="Input Password" library="SeleniumLibrary">
<arg>password</arg>
<arg>${password}</arg>
<doc>Types the given password into the text field identified by ``locator``.</doc>
<msg timestamp="20231113 22:32:25.890" level="INFO">Typing password into text field 'password'.</msg>
<msg timestamp="20231113 22:32:25.903" level="INFO">Temporally setting log level to: NONE</msg>
<msg timestamp="20231113 22:32:25.918" level="INFO">Log level changed from NONE to INFO.</msg>
<status status="PASS" starttime="20231113 22:32:25.890" endtime="20231113 22:32:25.918"/>
</kw>
<status status="PASS" starttime="20231113 22:32:25.890" endtime="20231113 22:32:25.918"/>
</kw>
<kw name="Set Password">
<arg>kallekalle</arg>
<kw name="Input Password" library="SeleniumLibrary">
<arg>password</arg>
<arg>${password}</arg>
<doc>Types the given password into the text field identified by ``locator``.</doc>
<msg timestamp="20231113 22:32:25.919" level="INFO">Typing password into text field 'password'.</msg>
<msg timestamp="20231113 22:32:25.932" level="INFO">Temporally setting log level to: NONE</msg>
<msg timestamp="20231113 22:32:25.948" level="INFO">Log level changed from NONE to INFO.</msg>
<status status="PASS" starttime="20231113 22:32:25.919" endtime="20231113 22:32:25.948"/>
</kw>
<status status="PASS" starttime="20231113 22:32:25.919" endtime="20231113 22:32:25.948"/>
</kw>
<kw name="Submit Credentials">
<kw name="Click Button" library="SeleniumLibrary">
<arg>Register</arg>
<doc>Clicks the button identified by ``locator``.</doc>
<msg timestamp="20231113 22:32:25.948" level="INFO">Clicking button 'Register'.</msg>
<status status="PASS" starttime="20231113 22:32:25.948" endtime="20231113 22:32:25.972"/>
</kw>
<status status="PASS" starttime="20231113 22:32:25.948" endtime="20231113 22:32:25.972"/>
</kw>
<kw name="Register Should Fail">
<arg>Password has to contain at least one character that is not a letter</arg>
<kw name="Register Page Should Be Open" library="resource">
<kw name="Title Should Be" library="SeleniumLibrary">
<arg>Register</arg>
<doc>Verifies that the current page title equals ``title``.</doc>
<msg timestamp="20231113 22:32:25.974" level="INFO">Page title is 'Register'.</msg>
<status status="PASS" starttime="20231113 22:32:25.972" endtime="20231113 22:32:25.974"/>
</kw>
<status status="PASS" starttime="20231113 22:32:25.972" endtime="20231113 22:32:25.974"/>
</kw>
<kw name="Page Should Contain" library="SeleniumLibrary">
<arg>${message}</arg>
<doc>Verifies that current page contains ``text``.</doc>
<msg timestamp="20231113 22:32:25.980" level="INFO">Current page contains text 'Password has to contain at least one character that is not a letter'.</msg>
<status status="PASS" starttime="20231113 22:32:25.974" endtime="20231113 22:32:25.980"/>
</kw>
<status status="PASS" starttime="20231113 22:32:25.972" endtime="20231113 22:32:25.980"/>
</kw>
<status status="PASS" starttime="20231113 22:32:25.849" endtime="20231113 22:32:25.980"/>
</test>
<test id="s1-s3-t4" name="Register With Nonmatching Password And Password Confirmation" line="29">
<kw name="Go To Register Page And Create User" type="SETUP">
<kw name="Create User" library="AppLibrary">
<arg>mikko</arg>
<arg>mikko123</arg>
<status status="PASS" starttime="20231113 22:32:25.980" endtime="20231113 22:32:25.985"/>
</kw>
<kw name="Go To Register Page" library="resource">
<kw name="Go To" library="SeleniumLibrary">
<arg>${REGISTER_URL}</arg>
<doc>Navigates the current browser window to the provided ``url``.</doc>
<msg timestamp="20231113 22:32:25.985" level="INFO">Opening url 'http://localhost:5001/register'</msg>
<status status="PASS" starttime="20231113 22:32:25.985" endtime="20231113 22:32:25.991"/>
</kw>
<status status="PASS" starttime="20231113 22:32:25.985" endtime="20231113 22:32:25.991"/>
</kw>
<kw name="Register Page Should Be Open" library="resource">
<kw name="Title Should Be" library="SeleniumLibrary">
<arg>Register</arg>
<doc>Verifies that the current page title equals ``title``.</doc>
<msg timestamp="20231113 22:32:25.992" level="INFO">Page title is 'Register'.</msg>
<status status="PASS" starttime="20231113 22:32:25.991" endtime="20231113 22:32:25.993"/>
</kw>
<status status="PASS" starttime="20231113 22:32:25.991" endtime="20231113 22:32:25.993"/>
</kw>
<status status="PASS" starttime="20231113 22:32:25.980" endtime="20231113 22:32:25.993"/>
</kw>
<kw name="Set Username">
<arg>kalle</arg>
<kw name="Input Text" library="SeleniumLibrary">
<arg>username</arg>
<arg>${username}</arg>
<doc>Types the given ``text`` into the text field identified by ``locator``.</doc>
<msg timestamp="20231113 22:32:25.993" level="INFO">Typing text 'kalle' into text field 'username'.</msg>
<status status="PASS" starttime="20231113 22:32:25.993" endtime="20231113 22:32:26.021"/>
</kw>
<status status="PASS" starttime="20231113 22:32:25.993" endtime="20231113 22:32:26.021"/>
</kw>
<kw name="Set Password">
<arg>kalle123</arg>
<kw name="Input Password" library="SeleniumLibrary">
<arg>password</arg>
<arg>${password}</arg>
<doc>Types the given password into the text field identified by ``locator``.</doc>
<msg timestamp="20231113 22:32:26.022" level="INFO">Typing password into text field 'password'.</msg>
<msg timestamp="20231113 22:32:26.034" level="INFO">Temporally setting log level to: NONE</msg>
<msg timestamp="20231113 22:32:26.050" level="INFO">Log level changed from NONE to INFO.</msg>
<status status="PASS" starttime="20231113 22:32:26.022" endtime="20231113 22:32:26.050"/>
</kw>
<status status="PASS" starttime="20231113 22:32:26.021" endtime="20231113 22:32:26.050"/>
</kw>
<kw name="Set Password">
<arg>kalle456</arg>
<kw name="Input Password" library="SeleniumLibrary">
<arg>password</arg>
<arg>${password}</arg>
<doc>Types the given password into the text field identified by ``locator``.</doc>
<msg timestamp="20231113 22:32:26.050" level="INFO">Typing password into text field 'password'.</msg>
<msg timestamp="20231113 22:32:26.063" level="INFO">Temporally setting log level to: NONE</msg>
<msg timestamp="20231113 22:32:26.079" level="INFO">Log level changed from NONE to INFO.</msg>
<status status="PASS" starttime="20231113 22:32:26.050" endtime="20231113 22:32:26.079"/>
</kw>
<status status="PASS" starttime="20231113 22:32:26.050" endtime="20231113 22:32:26.079"/>
</kw>
<kw name="Submit Credentials">
<kw name="Click Button" library="SeleniumLibrary">
<arg>Register</arg>
<doc>Clicks the button identified by ``locator``.</doc>
<msg timestamp="20231113 22:32:26.079" level="INFO">Clicking button 'Register'.</msg>
<status status="PASS" starttime="20231113 22:32:26.079" endtime="20231113 22:32:26.103"/>
</kw>
<status status="PASS" starttime="20231113 22:32:26.079" endtime="20231113 22:32:26.103"/>
</kw>
<kw name="Register Should Fail">
<arg>Passwords do not match</arg>
<kw name="Register Page Should Be Open" library="resource">
<kw name="Title Should Be" library="SeleniumLibrary">
<arg>Register</arg>
<doc>Verifies that the current page title equals ``title``.</doc>
<msg timestamp="20231113 22:32:26.105" level="INFO">Page title is 'Register'.</msg>
<status status="PASS" starttime="20231113 22:32:26.103" endtime="20231113 22:32:26.105"/>
</kw>
<status status="PASS" starttime="20231113 22:32:26.103" endtime="20231113 22:32:26.105"/>
</kw>
<kw name="Page Should Contain" library="SeleniumLibrary">
<arg>${message}</arg>
<doc>Verifies that current page contains ``text``.</doc>
<msg timestamp="20231113 22:32:26.111" level="INFO">Current page contains text 'Passwords do not match'.</msg>
<status status="PASS" starttime="20231113 22:32:26.105" endtime="20231113 22:32:26.111"/>
</kw>
<status status="PASS" starttime="20231113 22:32:26.103" endtime="20231113 22:32:26.111"/>
</kw>
<status status="PASS" starttime="20231113 22:32:25.980" endtime="20231113 22:32:26.111"/>
</test>
<kw name="Close Browser" library="SeleniumLibrary" type="TEARDOWN">
<doc>Closes the current browser.</doc>
<status status="PASS" starttime="20231113 22:32:26.111" endtime="20231113 22:32:26.173"/>
</kw>
<status status="PASS" starttime="20231113 22:32:24.731" endtime="20231113 22:32:26.173"/>
</suite>
<status status="PASS" starttime="20231113 22:32:22.430" endtime="20231113 22:32:26.174"/>
</suite>
<statistics>
<total>
<stat pass="9" fail="0" skip="0">All Tests</stat>
</total>
<tag>
</tag>
<suite>
<stat pass="9" fail="0" skip="0" id="s1" name="Tests">Tests</stat>
<stat pass="2" fail="0" skip="0" id="s1-s1" name="Home">Tests.Home</stat>
<stat pass="3" fail="0" skip="0" id="s1-s2" name="Login">Tests.Login</stat>
<stat pass="4" fail="0" skip="0" id="s1-s3" name="Register">Tests.Register</stat>
</suite>
</statistics>
<errors>
</errors>
</robot>
