<?xml version="1.0" encoding="UTF-8"?>
<robot generator="Robot 6.1.1 (Python 3.11.5 on darwin)" generated="20231113 18:44:28.890" rpa="false" schemaversion="4">
<suite id="s1" name="Tests" source="/Users/niilolehtonen/ohtu/palautusrepositorio/viikko3/login-robot/src/tests">
<suite id="s1-s1" name="Login" source="/Users/niilolehtonen/ohtu/palautusrepositorio/viikko3/login-robot/src/tests/login.robot">
<test id="s1-s1-t1" name="Login With Correct Credentials" line="6">
<kw name="Create User And Input Login Command" type="SETUP">
<kw name="Create User" library="AppLibrary">
<arg>kalle</arg>
<arg>kalle123</arg>
<status status="PASS" starttime="20231113 18:44:28.901" endtime="20231113 18:44:28.901"/>
</kw>
<kw name="Input Login Command" library="resource">
<kw name="Input" library="AppLibrary">
<arg>login</arg>
<status status="PASS" starttime="20231113 18:44:28.901" endtime="20231113 18:44:28.901"/>
</kw>
<status status="PASS" starttime="20231113 18:44:28.901" endtime="20231113 18:44:28.901"/>
</kw>
<status status="PASS" starttime="20231113 18:44:28.901" endtime="20231113 18:44:28.901"/>
</kw>
<kw name="Input Credentials" library="resource">
<arg>kalle</arg>
<arg>kalle123</arg>
<kw name="Input" library="AppLibrary">
<arg>${username}</arg>
<status status="PASS" starttime="20231113 18:44:28.901" endtime="20231113 18:44:28.901"/>
</kw>
<kw name="Input" library="AppLibrary">
<arg>${password}</arg>
<status status="PASS" starttime="20231113 18:44:28.901" endtime="20231113 18:44:28.901"/>
</kw>
<kw name="Run Application" library="AppLibrary">
<status status="PASS" starttime="20231113 18:44:28.901" endtime="20231113 18:44:28.901"/>
</kw>
<status status="PASS" starttime="20231113 18:44:28.901" endtime="20231113 18:44:28.901"/>
</kw>
<kw name="Output Should Contain" library="AppLibrary">
<arg>Logged in</arg>
<status status="PASS" starttime="20231113 18:44:28.901" endtime="20231113 18:44:28.901"/>
</kw>
<status status="PASS" starttime="20231113 18:44:28.900" endtime="20231113 18:44:28.901"/>
</test>
<test id="s1-s1-t2" name="Login With Incorrect Password" line="10">
<kw name="Create User And Input Login Command" type="SETUP">
<kw name="Create User" library="AppLibrary">
<arg>kalle</arg>
<arg>kalle123</arg>
<status status="PASS" starttime="20231113 18:44:28.902" endtime="20231113 18:44:28.902"/>
</kw>
<kw name="Input Login Command" library="resource">
<kw name="Input" library="AppLibrary">
<arg>login</arg>
<status status="PASS" starttime="20231113 18:44:28.902" endtime="20231113 18:44:28.902"/>
</kw>
<status status="PASS" starttime="20231113 18:44:28.902" endtime="20231113 18:44:28.902"/>
</kw>
<status status="PASS" starttime="20231113 18:44:28.902" endtime="20231113 18:44:28.902"/>
</kw>
<kw name="Input Credentials" library="resource">
<arg>kalle</arg>
<arg>mikko123</arg>
<kw name="Input" library="AppLibrary">
<arg>${username}</arg>
<status status="PASS" starttime="20231113 18:44:28.902" endtime="20231113 18:44:28.902"/>
</kw>
<kw name="Input" library="AppLibrary">
<arg>${password}</arg>
<status status="PASS" starttime="20231113 18:44:28.902" endtime="20231113 18:44:28.902"/>
</kw>
<kw name="Run Application" library="AppLibrary">
<status status="PASS" starttime="20231113 18:44:28.902" endtime="20231113 18:44:28.902"/>
</kw>
<status status="PASS" starttime="20231113 18:44:28.902" endtime="20231113 18:44:28.902"/>
</kw>
<kw name="Output Should Contain" library="AppLibrary">
<arg>Invalid username or password</arg>
<status status="PASS" starttime="20231113 18:44:28.902" endtime="20231113 18:44:28.902"/>
</kw>
<status status="PASS" starttime="20231113 18:44:28.902" endtime="20231113 18:44:28.902"/>
</test>
<test id="s1-s1-t3" name="Login With Nonexistent Username" line="14">
<kw name="Create User And Input Login Command" type="SETUP">
<kw name="Create User" library="AppLibrary">
<arg>kalle</arg>
<arg>kalle123</arg>
<status status="PASS" starttime="20231113 18:44:28.903" endtime="20231113 18:44:28.903"/>
</kw>
<kw name="Input Login Command" library="resource">
<kw name="Input" library="AppLibrary">
<arg>login</arg>
<status status="PASS" starttime="20231113 18:44:28.903" endtime="20231113 18:44:28.903"/>
</kw>
<status status="PASS" starttime="20231113 18:44:28.903" endtime="20231113 18:44:28.903"/>
</kw>
<status status="PASS" starttime="20231113 18:44:28.903" endtime="20231113 18:44:28.903"/>
</kw>
<kw name="Input Credentials" library="resource">
<arg>mikko</arg>
<arg>kalle123</arg>
<kw name="Input" library="AppLibrary">
<arg>${username}</arg>
<status status="PASS" starttime="20231113 18:44:28.903" endtime="20231113 18:44:28.903"/>
</kw>
<kw name="Input" library="AppLibrary">
<arg>${password}</arg>
<status status="PASS" starttime="20231113 18:44:28.903" endtime="20231113 18:44:28.903"/>
</kw>
<kw name="Run Application" library="AppLibrary">
<status status="PASS" starttime="20231113 18:44:28.903" endtime="20231113 18:44:28.903"/>
</kw>
<status status="PASS" starttime="20231113 18:44:28.903" endtime="20231113 18:44:28.903"/>
</kw>
<kw name="Output Should Contain" library="AppLibrary">
<arg>Invalid username or password</arg>
<status status="PASS" starttime="20231113 18:44:28.903" endtime="20231113 18:44:28.903"/>
</kw>
<status status="PASS" starttime="20231113 18:44:28.902" endtime="20231113 18:44:28.903"/>
</test>
<status status="PASS" starttime="20231113 18:44:28.898" endtime="20231113 18:44:28.903"/>
</suite>
<suite id="s1-s2" name="Register" source="/Users/niilolehtonen/ohtu/palautusrepositorio/viikko3/login-robot/src/tests/register.robot">
<test id="s1-s2-t1" name="Register With Valid Username And Password" line="6">
<kw name="Create User and Input Register Command" type="SETUP">
<kw name="Create User" library="AppLibrary">
<arg>mikko</arg>
<arg>mikko123</arg>
<status status="PASS" starttime="20231113 18:44:28.904" endtime="20231113 18:44:28.904"/>
</kw>
<kw name="Input Register Command" library="resource">
<kw name="Input" library="AppLibrary">
<arg>new</arg>
<status status="PASS" starttime="20231113 18:44:28.905" endtime="20231113 18:44:28.905"/>
</kw>
<status status="PASS" starttime="20231113 18:44:28.904" endtime="20231113 18:44:28.905"/>
</kw>
<status status="PASS" starttime="20231113 18:44:28.904" endtime="20231113 18:44:28.905"/>
</kw>
<kw name="Input Credentials" library="resource">
<arg>kalle</arg>
<arg>kalle123</arg>
<kw name="Input" library="AppLibrary">
<arg>${username}</arg>
<status status="PASS" starttime="20231113 18:44:28.905" endtime="20231113 18:44:28.905"/>
</kw>
<kw name="Input" library="AppLibrary">
<arg>${password}</arg>
<status status="PASS" starttime="20231113 18:44:28.905" endtime="20231113 18:44:28.905"/>
</kw>
<kw name="Run Application" library="AppLibrary">
<status status="PASS" starttime="20231113 18:44:28.905" endtime="20231113 18:44:28.905"/>
</kw>
<status status="PASS" starttime="20231113 18:44:28.905" endtime="20231113 18:44:28.905"/>
</kw>
<kw name="Output Should Contain" library="AppLibrary">
<arg>New user registered</arg>
<status status="PASS" starttime="20231113 18:44:28.905" endtime="20231113 18:44:28.905"/>
</kw>
<status status="PASS" starttime="20231113 18:44:28.904" endtime="20231113 18:44:28.905"/>
</test>
<test id="s1-s2-t2" name="Register With Already Taken Username And Valid Password" line="10">
<kw name="Create User and Input Register Command" type="SETUP">
<kw name="Create User" library="AppLibrary">
<arg>mikko</arg>
<arg>mikko123</arg>
<status status="PASS" starttime="20231113 18:44:28.905" endtime="20231113 18:44:28.905"/>
</kw>
<kw name="Input Register Command" library="resource">
<kw name="Input" library="AppLibrary">
<arg>new</arg>
<status status="PASS" starttime="20231113 18:44:28.905" endtime="20231113 18:44:28.905"/>
</kw>
<status status="PASS" starttime="20231113 18:44:28.905" endtime="20231113 18:44:28.905"/>
</kw>
<status status="PASS" starttime="20231113 18:44:28.905" endtime="20231113 18:44:28.905"/>
</kw>
<kw name="Input Credentials" library="resource">
<arg>mikko</arg>
<arg>kalle123</arg>
<kw name="Input" library="AppLibrary">
<arg>${username}</arg>
<status status="PASS" starttime="20231113 18:44:28.905" endtime="20231113 18:44:28.905"/>
</kw>
<kw name="Input" library="AppLibrary">
<arg>${password}</arg>
<status status="PASS" starttime="20231113 18:44:28.906" endtime="20231113 18:44:28.906"/>
</kw>
<kw name="Run Application" library="AppLibrary">
<status status="PASS" starttime="20231113 18:44:28.906" endtime="20231113 18:44:28.906"/>
</kw>
<status status="PASS" starttime="20231113 18:44:28.905" endtime="20231113 18:44:28.906"/>
</kw>
<kw name="Output Should Contain" library="AppLibrary">
<arg>User with username mikko already exists</arg>
<status status="PASS" starttime="20231113 18:44:28.906" endtime="20231113 18:44:28.906"/>
</kw>
<status status="PASS" starttime="20231113 18:44:28.905" endtime="20231113 18:44:28.906"/>
</test>
<test id="s1-s2-t3" name="Register With Too Short Username And Valid Password" line="14">
<kw name="Create User and Input Register Command" type="SETUP">
<kw name="Create User" library="AppLibrary">
<arg>mikko</arg>
<arg>mikko123</arg>
<status status="PASS" starttime="20231113 18:44:28.906" endtime="20231113 18:44:28.906"/>
</kw>
<kw name="Input Register Command" library="resource">
<kw name="Input" library="AppLibrary">
<arg>new</arg>
<status status="PASS" starttime="20231113 18:44:28.906" endtime="20231113 18:44:28.906"/>
</kw>
<status status="PASS" starttime="20231113 18:44:28.906" endtime="20231113 18:44:28.906"/>
</kw>
<status status="PASS" starttime="20231113 18:44:28.906" endtime="20231113 18:44:28.906"/>
</kw>
<kw name="Input Credentials" library="resource">
<arg>mi</arg>
<arg>kalle123</arg>
<kw name="Input" library="AppLibrary">
<arg>${username}</arg>
<status status="PASS" starttime="20231113 18:44:28.906" endtime="20231113 18:44:28.906"/>
</kw>
<kw name="Input" library="AppLibrary">
<arg>${password}</arg>
<status status="PASS" starttime="20231113 18:44:28.906" endtime="20231113 18:44:28.906"/>
</kw>
<kw name="Run Application" library="AppLibrary">
<status status="PASS" starttime="20231113 18:44:28.906" endtime="20231113 18:44:28.906"/>
</kw>
<status status="PASS" starttime="20231113 18:44:28.906" endtime="20231113 18:44:28.906"/>
</kw>
<kw name="Output Should Contain" library="AppLibrary">
<arg>Username too short</arg>
<status status="PASS" starttime="20231113 18:44:28.906" endtime="20231113 18:44:28.906"/>
</kw>
<status status="PASS" starttime="20231113 18:44:28.906" endtime="20231113 18:44:28.907"/>
</test>
<test id="s1-s2-t4" name="Register With Enough Long But Invald Username And Valid Password" line="18">
<kw name="Create User and Input Register Command" type="SETUP">
<kw name="Create User" library="AppLibrary">
<arg>mikko</arg>
<arg>mikko123</arg>
<status status="PASS" starttime="20231113 18:44:28.907" endtime="20231113 18:44:28.907"/>
</kw>
<kw name="Input Register Command" library="resource">
<kw name="Input" library="AppLibrary">
<arg>new</arg>
<status status="PASS" starttime="20231113 18:44:28.907" endtime="20231113 18:44:28.907"/>
</kw>
<status status="PASS" starttime="20231113 18:44:28.907" endtime="20231113 18:44:28.907"/>
</kw>
<status status="PASS" starttime="20231113 18:44:28.907" endtime="20231113 18:44:28.907"/>
</kw>
<kw name="Input Credentials" library="resource">
<arg>""""kalle</arg>
<arg>kalle123</arg>
<kw name="Input" library="AppLibrary">
<arg>${username}</arg>
<status status="PASS" starttime="20231113 18:44:28.907" endtime="20231113 18:44:28.907"/>
</kw>
<kw name="Input" library="AppLibrary">
<arg>${password}</arg>
<status status="PASS" starttime="20231113 18:44:28.907" endtime="20231113 18:44:28.907"/>
</kw>
<kw name="Run Application" library="AppLibrary">
<status status="PASS" starttime="20231113 18:44:28.907" endtime="20231113 18:44:28.907"/>
</kw>
<status status="PASS" starttime="20231113 18:44:28.907" endtime="20231113 18:44:28.907"/>
</kw>
<kw name="Output Should Contain" library="AppLibrary">
<arg>Username contains invalid symbols</arg>
<status status="PASS" starttime="20231113 18:44:28.907" endtime="20231113 18:44:28.907"/>
</kw>
<status status="PASS" starttime="20231113 18:44:28.907" endtime="20231113 18:44:28.907"/>
</test>
<test id="s1-s2-t5" name="Register With Valid Username And Too Short Password" line="22">
<kw name="Create User and Input Register Command" type="SETUP">
<kw name="Create User" library="AppLibrary">
<arg>mikko</arg>
<arg>mikko123</arg>
<status status="PASS" starttime="20231113 18:44:28.908" endtime="20231113 18:44:28.908"/>
</kw>
<kw name="Input Register Command" library="resource">
<kw name="Input" library="AppLibrary">
<arg>new</arg>
<status status="PASS" starttime="20231113 18:44:28.908" endtime="20231113 18:44:28.908"/>
</kw>
<status status="PASS" starttime="20231113 18:44:28.908" endtime="20231113 18:44:28.908"/>
</kw>
<status status="PASS" starttime="20231113 18:44:28.908" endtime="20231113 18:44:28.908"/>
</kw>
<kw name="Input Credentials" library="resource">
<arg>kalle</arg>
<arg>j</arg>
<kw name="Input" library="AppLibrary">
<arg>${username}</arg>
<status status="PASS" starttime="20231113 18:44:28.908" endtime="20231113 18:44:28.908"/>
</kw>
<kw name="Input" library="AppLibrary">
<arg>${password}</arg>
<status status="PASS" starttime="20231113 18:44:28.908" endtime="20231113 18:44:28.908"/>
</kw>
<kw name="Run Application" library="AppLibrary">
<status status="PASS" starttime="20231113 18:44:28.908" endtime="20231113 18:44:28.908"/>
</kw>
<status status="PASS" starttime="20231113 18:44:28.908" endtime="20231113 18:44:28.908"/>
</kw>
<kw name="Output Should Contain" library="AppLibrary">
<arg>Password too short</arg>
<status status="PASS" starttime="20231113 18:44:28.908" endtime="20231113 18:44:28.908"/>
</kw>
<status status="PASS" starttime="20231113 18:44:28.907" endtime="20231113 18:44:28.908"/>
</test>
<test id="s1-s2-t6" name="Register With Valid Username And Long Enough Password Containing Only Letters" line="26">
<kw name="Create User and Input Register Command" type="SETUP">
<kw name="Create User" library="AppLibrary">
<arg>mikko</arg>
<arg>mikko123</arg>
<status status="PASS" starttime="20231113 18:44:28.908" endtime="20231113 18:44:28.908"/>
</kw>
<kw name="Input Register Command" library="resource">
<kw name="Input" library="AppLibrary">
<arg>new</arg>
<status status="PASS" starttime="20231113 18:44:28.908" endtime="20231113 18:44:28.908"/>
</kw>
<status status="PASS" starttime="20231113 18:44:28.908" endtime="20231113 18:44:28.908"/>
</kw>
<status status="PASS" starttime="20231113 18:44:28.908" endtime="20231113 18:44:28.908"/>
</kw>
<kw name="Input Credentials" library="resource">
<arg>kalle</arg>
<arg>kallekalle</arg>
<kw name="Input" library="AppLibrary">
<arg>${username}</arg>
<status status="PASS" starttime="20231113 18:44:28.909" endtime="20231113 18:44:28.909"/>
</kw>
<kw name="Input" library="AppLibrary">
<arg>${password}</arg>
<status status="PASS" starttime="20231113 18:44:28.909" endtime="20231113 18:44:28.909"/>
</kw>
<kw name="Run Application" library="AppLibrary">
<status status="PASS" starttime="20231113 18:44:28.909" endtime="20231113 18:44:28.909"/>
</kw>
<status status="PASS" starttime="20231113 18:44:28.909" endtime="20231113 18:44:28.909"/>
</kw>
<kw name="Output Should Contain" library="AppLibrary">
<arg>Password has to contain at least one letter and one number</arg>
<status status="PASS" starttime="20231113 18:44:28.909" endtime="20231113 18:44:28.909"/>
</kw>
<status status="PASS" starttime="20231113 18:44:28.908" endtime="20231113 18:44:28.909"/>
</test>
<status status="PASS" starttime="20231113 18:44:28.903" endtime="20231113 18:44:28.909"/>
</suite>
<status status="PASS" starttime="20231113 18:44:28.891" endtime="20231113 18:44:28.909"/>
</suite>
<statistics>
<total>
<stat pass="9" fail="0" skip="0">All Tests</stat>
</total>
<tag>
</tag>
<suite>
<stat pass="9" fail="0" skip="0" id="s1" name="Tests">Tests</stat>
<stat pass="3" fail="0" skip="0" id="s1-s1" name="Login">Tests.Login</stat>
<stat pass="6" fail="0" skip="0" id="s1-s2" name="Register">Tests.Register</stat>
</suite>
</statistics>
<errors>
</errors>
</robot>
